<?xml version="1.0" encoding="UTF-8"?>
<testng-results ignored="0" total="2" passed="2" failed="0" skipped="0">
  <reporter-output>
  </reporter-output>
  <suite started-at="2023-05-27T23:01:28 CET" name="MyTestDemo" finished-at="2023-05-27T23:02:21 CET" duration-ms="52022">
    <groups>
    </groups>
    <test started-at="2023-05-27T23:01:28 CET" name="Command line test" finished-at="2023-05-27T23:02:21 CET" duration-ms="52022">
      <class name="MyTestDemo">
        <test-method is-config="true" signature="setup()[pri:0, instance:MyTestDemo@2e3fc542]" started-at="2023-05-27T23:01:29 CET" name="setup" finished-at="2023-05-27T23:01:36 CET" duration-ms="6973" status="PASS">
          <reporter-output>
          </reporter-output>
        </test-method> <!-- setup -->
        <test-method signature="navigationTest()[pri:0, instance:MyTestDemo@2e3fc542]" started-at="2023-05-27T23:01:36 CET" name="navigationTest" finished-at="2023-05-27T23:01:56 CET" duration-ms="20606" status="PASS">
          <reporter-output>
          </reporter-output>
        </test-method> <!-- navigationTest -->
        <test-method is-config="true" signature="tearDown()[pri:0, instance:MyTestDemo@2e3fc542]" started-at="2023-05-27T23:01:56 CET" name="tearDown" finished-at="2023-05-27T23:01:57 CET" duration-ms="467" status="PASS">
          <reporter-output>
          </reporter-output>
        </test-method> <!-- tearDown -->
        <test-method is-config="true" signature="setup()[pri:0, instance:MyTestDemo@2e3fc542]" started-at="2023-05-27T23:01:57 CET" name="setup" finished-at="2023-05-27T23:02:02 CET" duration-ms="5041" status="PASS">
          <reporter-output>
          </reporter-output>
        </test-method> <!-- setup -->
        <test-method signature="navigation_FeatureTest()[pri:0, instance:MyTestDemo@2e3fc542]" started-at="2023-05-27T23:02:02 CET" name="navigation_FeatureTest" finished-at="2023-05-27T23:02:20 CET" duration-ms="18286" status="PASS">
          <reporter-output>
          </reporter-output>
        </test-method> <!-- navigation_FeatureTest -->
        <test-method is-config="true" signature="tearDown()[pri:0, instance:MyTestDemo@2e3fc542]" started-at="2023-05-27T23:02:20 CET" name="tearDown" finished-at="2023-05-27T23:02:21 CET" duration-ms="513" status="PASS">
          <reporter-output>
          </reporter-output>
        </test-method> <!-- tearDown -->
      </class> <!-- MyTestDemo -->
    </test> <!-- Command line test -->
  </suite> <!-- MyTestDemo -->
</testng-results>
